{ | Inicio
char | TipoDato
, | Caracter
private | Zona
x26 | Identificador
= | Asignacion
3.141592 | Numero
++ | IncrementoTermino
+ | OperadorTermino
-- | IncrementoTermino
- | OperadorTermino
! | OperadorLogico
!= | OperadorRelacional
== | OperadorRelacional
:= | Inicializacion
= | Asignacion
&& | OperadorLogico
& | Caracter
|| | OperadorLogico
| | Caracter
/ | OperadorFactor
/= | IncrementoFactor
do | Ciclo
< | OperadorRelacional
< | OperadorRelacional
<> | OperadorRelacional
> | OperadorRelacional
> | OperadorRelacional
"Hola mundo" | Cadena
; | FinSentencia
'ITQ' | Cadena
; | FinSentencia
if | Condicion
#123 | Caracter
4 | Numero
} | Fin
